Agent Group Id: 025000000000002
Agent Group Name: Informatica Cloud Hosted Agent
Agent Id: 00800000000003V
Task Name: Mapping1
Task Type: MTT_TEST
Task Id: 0124E70Z000000000003
Run Id: 5
Service Id: 960789
Started By: peketipradeepreddy@gmail.com
Run Context Type: ICS_UI
06/20/2023 06:31:11 **** Importing Connection: Conn_0124E70B000000000002 ...
06/20/2023 06:31:11 **** Importing Source Definition: Cars ...
06/20/2023 06:31:11 **** Importing Target Definition: Car_maxprice_pradeep ...
06/20/2023 06:31:11 **** Importing SessionConfig: default_session_config ...
    <Warning> :  The Error Log DB Connection value should have Relational: as the prefix.
    <Warning> :  Invalid value  for attribute Error Log DB Connection. Will use the default value 
    Validating Source Definition  Cars...
    Validating Target Definition  Car_maxprice_pradeep...
06/20/2023 06:31:11 **** Importing Mapping: Mapping0 ...
    <Warning> :  transformation: Source - Invalid value  for attribute Output is repeatable. Will use the default value Never    [transformation< Source > ] 
Validating transformations of mapping Mapping0...
Validating mapping variable(s).
06/20/2023 06:31:11 **** Importing Workflow: wf_mtt_0124E70Z000000000003 ...
    <Warning> :  Invalid value None for attribute Pushdown Optimization Context. Will use the default value None     [Session< s_mtt_0124E70Z000000000003 > ] 
    <Warning> :  The value entered is not a valid integer.
    <Warning> :  Invalid value NO for attribute Fail task after wait time. Will use the default value 
Successfully extracted session instance [s_mtt_0124E70Z000000000003].  Starting repository sequence id is [-129355296]
DIRECTOR> VAR_27085 [2023-06-20 06:31:11.197] Parameter file [/data2/home/cldagnt/SystemAgent/apps/Data_Integration_Server/data/0124E70E00000000005S/0124E7/parameters/s_mtt_0124E70Z000000000003.param] is opened for [session [wf_mtt_0124E70Z000000000003.s_mtt_0124E70Z000000000003]].
DIRECTOR> VAR_27062 [2023-06-20 06:31:11.197] Warning! Cannot find section for worklet [wf_mtt_0124E70Z000000000003] and folder [] in parameter file [/data2/home/cldagnt/SystemAgent/apps/Data_Integration_Server/data/0124E70E00000000005S/0124E7/parameters/s_mtt_0124E70Z000000000003.param].
DIRECTOR> TM_6014 [2023-06-20 06:31:11.198] Initializing session [s_mtt_0124E70Z000000000003] at [Tue Jun 20 06:31:11 2023].
DIRECTOR> TM_6683 [2023-06-20 06:31:11.198] Repository Name: [XMLRepository]
DIRECTOR> TM_6684 [2023-06-20 06:31:11.198] Server Name: [rDTM]
DIRECTOR> TM_6686 [2023-06-20 06:31:11.198] Folder: []
DIRECTOR> TM_6685 [2023-06-20 06:31:11.198] Workflow: [wf_mtt_0124E70Z000000000003] Run Instance Name: [] Run Id: [0]
DIRECTOR> TM_6992 [2023-06-20 06:31:11.198] Operating System Type [Linux]
DIRECTOR> TM_6101 [2023-06-20 06:31:11.198] Mapping name: Mapping0.
DIRECTOR> TM_6964 [2023-06-20 06:31:11.198] Date format for the Session is [MM/DD/YYYY HH24:MI:SS.US]
DIRECTOR> TM_6703 [2023-06-20 06:31:11.198] Session [s_mtt_0124E70Z000000000003] is run by 64-bit Integration Service  [], version [10.2.0 HotFix2], build [0320].
MANAGER> PETL_24091 [2023-06-20 06:31:11.209] Thread [MANAGER] has the ID [1].
MANAGER> PETL_24058 [2023-06-20 06:31:11.209] Running Partition Group [1].
MANAGER> PETL_24000 [2023-06-20 06:31:11.209] Parallel Pipeline Engine initializing.
MONITOR> PETL_24091 [2023-06-20 06:31:11.209] Thread [MONITOR] has the ID [2].
MANAGER> PETL_24001 [2023-06-20 06:31:11.209] Parallel Pipeline Engine running.
MANAGER> PETL_24003 [2023-06-20 06:31:11.209] Initializing session run.
MAPPING> PETL_24091 [2023-06-20 06:31:11.209] Thread [MAPPING] has the ID [3].
MAPPING> CMN_1569 [2023-06-20 06:31:11.211] Server Mode: [UNICODE]
MAPPING> CMN_1570 [2023-06-20 06:31:11.211] Server Code page: [ISO 8859-1 Western European]
MAPPING> TM_6151 [2023-06-20 06:31:11.211] The session sort order is [Binary].
MAPPING> TM_6185 [2023-06-20 06:31:11.211] Warning. Code page validation is disabled in this session.
MAPPING> CMN_65110 [2023-06-20 06:31:11.211] Current Timezone:[UTC -5:0]
MAPPING> CMN_65111 [2023-06-20 06:31:11.211] Current Process ID:[4815]
MAPPING> TM_6155 [2023-06-20 06:31:11.211] Using HIGH precision processing.
MAPPING> TM_6180 [2023-06-20 06:31:11.211] Deadlock retry logic will not be implemented.
MAPPING> TM_6187 [2023-06-20 06:31:11.211] Session target-based commit interval is [10000].
MAPPING> TM_6307 [2023-06-20 06:31:11.212] DTM error log disabled. 
MAPPING> TE_7022 [2023-06-20 06:31:11.212] TShmWriter: Initialized
MAPPING> DBG_21694 [2023-06-20 06:31:11.213] Aggregator Partition [0]: Index cache size = [1000000], Data cache size = [2000000]
MAPPING> TE_7212 [2023-06-20 06:31:11.214] Increasing [Index Cache] size for transformation [Aggregator] from [1000000] to [3586048].
MAPPING> TE_7212 [2023-06-20 06:31:11.214] Increasing [Data Cache] size for transformation [Aggregator] from [2000000] to [2097328].
MAPPING> TE_7029 [2023-06-20 06:31:11.214] Aggregate Information: Creating New Index and Data Files
MAPPING> TE_7034 [2023-06-20 06:31:11.214] Aggregate Information: Index file is [/data2/home/cldagnt/SystemAgent/apps/Data_Integration_Server/data/0124E70E00000000005S/0124E7/cache/PMAGG-129355266_4_0.idx]
MAPPING> TE_7035 [2023-06-20 06:31:11.214] Aggregate Information: Data file is [/data2/home/cldagnt/SystemAgent/apps/Data_Integration_Server/data/0124E70E00000000005S/0124E7/cache/PMAGG-129355266_4_0.dat]
MAPPING> TM_6007 [2023-06-20 06:31:11.214] DTM initialized successfully for session [s_mtt_0124E70Z000000000003]
DIRECTOR> PETL_24033 [2023-06-20 06:31:11.231] All DTM Connection Info: [<NONE>].
MANAGER> PETL_24004 [2023-06-20 06:31:11.231] Starting pre-session tasks. : (Tue Jun 20 06:31:11 2023)
PRE-SESS> PETL_24091 [2023-06-20 06:31:11.231] Thread [PRE-SESS] has the ID [4].
MANAGER> PETL_24027 [2023-06-20 06:31:11.232] Pre-session task completed successfully. : (Tue Jun 20 06:31:11 2023)
DIRECTOR> PETL_24006 [2023-06-20 06:31:11.232] Starting data movement.
MAPPING> TM_6660 [2023-06-20 06:31:11.233] Total Buffer Pool size is 2842240 bytes and Block size is 155680 bytes.
READER_1_1_1> PETL_24091 [2023-06-20 06:31:11.234] Thread [READER_1_1_1] has the ID [5].
READER_1_1_1> DBG_21438 [2023-06-20 06:31:11.234] Reader: Source is [odbc://dbtype=MySQL;host=db4free.net;port=3306;database=fstm4db], Type [ODBC], User [fstm4db]
READER_1_1_1> BLKR_16051 [2023-06-20 06:31:11.236] Source database connection [Conn_0124E70B000000000002] code page: [MS Windows Latin 1 (ANSI), superset of Latin1]
READER_1_1_1> CMN_1021 [2023-06-20 06:31:11.236] Database driver event...
CMN_1021 [Driver Manager used is [UnixODBC 2.3.4].]

READER_1_1_1> CMN_1021 [2023-06-20 06:31:18.866] Database driver event...
CMN_1021 [ODBC Event Using array fetches.
ODBC Event Using Single Row Inserts. connect string = [Driver=MySQL ODBC 8.0 Unicode Driver;Server=db4free.net;Database=fstm4db;Port=3306;USER=fstm4db;NO_SSPS=1;stmt=set time_zone = '+00:00';OPTION=3;SSLMODE=DISABLED]. userid = [fstm4db]
ODBC Version:	03.52
.
DBMS Name:	MySQL
.
DBMS Version:	8.0.33
.
Driver Name:	libmyodbc8w.so
.
Driver Version:	08.00.0012
.
Driver ODBC Version:	03.80
.
MySQL rewrite batch optimization is disabled with maximum bind parameter size set to 2500.]

READER_1_1_1> BLKR_16003 [2023-06-20 06:31:18.866] Initialization completed successfully.
TRANSF_1_1_1> PETL_24091 [2023-06-20 06:31:18.866] Thread [TRANSF_1_1_1] has the ID [6].
WRITER_1_*_1> PETL_24091 [2023-06-20 06:31:18.867] Thread [WRITER_1_*_1] has the ID [7].
WRITER_1_*_1> WRT_8147 [2023-06-20 06:31:18.867] Writer: Target is Database [odbc://dbtype=MySQL;host=db4free.net;port=3306;database=fstm4db], Type [ODBC], User [fstm4db], Bulk Mode [OFF]
WRITER_1_*_1> CMN_1021 [2023-06-20 06:31:18.867] Database driver event...
CMN_1021 [Driver Manager used is [UnixODBC 2.3.4].]

WRITER_1_*_1> CMN_1021 [2023-06-20 06:31:29.541] Database driver event...
CMN_1021 [ODBC Event Using array fetches.
ODBC Event Using Single Row Inserts. connect string = [Driver=MySQL ODBC 8.0 Unicode Driver;Server=db4free.net;Database=fstm4db;Port=3306;USER=fstm4db;NO_SSPS=1;stmt=set time_zone = '+00:00';OPTION=3;SSLMODE=DISABLED]. userid = [fstm4db]
ODBC Version:	03.52
.
DBMS Name:	MySQL
.
DBMS Version:	8.0.33
.
Driver Name:	libmyodbc8w.so
.
Driver Version:	08.00.0012
.
Driver ODBC Version:	03.80
.
MySQL rewrite batch optimization is disabled with maximum bind parameter size set to 2500.]

WRITER_1_*_1> WRT_8221 [2023-06-20 06:31:30.131] Target database connection [Conn_0124E70B000000000002] code page: [MS Windows Latin 1 (ANSI), superset of Latin1]
WRITER_1_*_1> WRT_8124 [2023-06-20 06:31:30.132] Target Table Car_maxprice_pradeep :SQL INSERT statement:
INSERT INTO fstm4db.Car_maxprice_pradeep(Car_ID,Car_Name,Car_Country,max_price)  VALUES ( ?, ?, ?, ?) 
WRITER_1_*_1> WRT_8124 [2023-06-20 06:31:30.132] Target Table Car_maxprice_pradeep :SQL UPDATE statement:
UPDATE fstm4db.Car_maxprice_pradeep SET Car_Name = ?, Car_Country = ?, max_price = ? WHERE Car_ID = ?
WRITER_1_*_1> WRT_8124 [2023-06-20 06:31:30.132] Target Table Car_maxprice_pradeep :SQL DELETE statement:
DELETE FROM fstm4db.Car_maxprice_pradeep WHERE Car_ID = ?
WRITER_1_*_1> WRT_8270 [2023-06-20 06:31:30.133] Target connection group #1 consists of target(s) [Car_maxprice_pradeep]
WRITER_1_*_1> WRT_8003 [2023-06-20 06:31:30.133] Writer initialization complete.
WRITER_1_*_1> WRT_8005 [2023-06-20 06:31:30.133] Writer run started.
WRITER_1_*_1> WRT_8158 [2023-06-20 06:31:30.133] 

*****START LOAD SESSION*****

Load Start Time: Tue Jun 20 06:31:29 2023

Target tables:

     Car_maxprice_pradeep


READER_1_1_1> BLKR_16007 [2023-06-20 06:31:30.133] Reader run started.
READER_1_1_1> RR_4010 [2023-06-20 06:31:30.133] SQ instance [Source] SQL Query [SELECT fstm4db.Cars.Car_ID, fstm4db.Cars.Car_Name, fstm4db.Cars.Car_Country, fstm4db.Cars.Car_Price FROM fstm4db.Cars]
READER_1_1_1> RR_4049 [2023-06-20 06:31:30.133] SQL Query issued to database : (Tue Jun 20 06:31:30 2023)
READER_1_1_1> RR_4050 [2023-06-20 06:31:30.428] First row returned from database to reader : (Tue Jun 20 06:31:30 2023)
READER_1_1_1> BLKR_16019 [2023-06-20 06:31:30.428] Read [100] rows, read [0] error rows for source table [Cars] instance name [Cars]
READER_1_1_1> BLKR_16008 [2023-06-20 06:31:30.428] Reader run completed.
TRANSF_1_1_1> TE_7032 [2023-06-20 06:31:30.432] The B-Tree being managed in files
/data2/home/cldagnt/SystemAgent/apps/Data_Integration_Server/data/0124E70E00000000005S/0124E7/cache/PMAGG-129355266_4_0.dat for Data and

/data2/home/cldagnt/SystemAgent/apps/Data_Integration_Server/data/0124E70E00000000005S/0124E7/cache/PMAGG-129355266_4_0.idx for Index has:
	Index Size:	515
	Row Size:	248
	Order:		100
	Minimum Order:	50
	Height:		1
	Entries:	20
	IndexPageSize:	52736
	IndexPages:	68
	DataPageSize:	752
	DataPages:	2789

WRITER_1_*_1> WRT_8167 [2023-06-20 06:31:30.432] Start loading table [Car_maxprice_pradeep] at: Tue Jun 20 06:31:29 2023
TRANSF_1_1_1> DBG_21216 [2023-06-20 06:31:30.432] Finished transformations for Source Qualifier [Source]. Total errors [0] 
WRITER_1_*_1> WRT_8168 [2023-06-20 06:31:36.341] End loading table [Car_maxprice_pradeep] at: Tue Jun 20 06:31:35 2023
WRITER_1_*_1> WRT_8141 [2023-06-20 06:31:36.935] 
Commit on end-of-data  Tue Jun 20 06:31:35 2023
===================================================

WRT_8036 Target: Car_maxprice_pradeep (Instance Name: [Car_maxprice_pradeep])
WRT_8038 Inserted rows - Requested: 20         Applied: 20         Rejected: 0          Affected: 20        

WRITER_1_*_1> WRT_8035 [2023-06-20 06:31:36.935] Load complete time: Tue Jun 20 06:31:35 2023

LOAD SUMMARY
============

WRT_8036 Target: Car_maxprice_pradeep (Instance Name: [Car_maxprice_pradeep])
WRT_8038 Inserted rows - Requested: 20         Applied: 20         Rejected: 0          Affected: 20        


WRITER_1_*_1> WRT_8043 [2023-06-20 06:31:36.935] *****END LOAD SESSION*****
WRITER_1_*_1> WRT_8006 [2023-06-20 06:31:37.233] Writer run completed.
MANAGER> PETL_24031 [2023-06-20 06:31:37.233] 
***** RUN INFO FOR TGT LOAD ORDER GROUP [1], CONCURRENT SET [1] *****
Thread [READER_1_1_1] created for [the read stage] of partition point [Source] has completed.
	Total Run Time = [0.586201] secs
	Total Idle Time = [0.000000] secs
	Busy Percentage = [100.000000]
Thread [TRANSF_1_1_1] created for [the transformation stage] of partition point [Source] has completed. The total run time was insufficient for any meaningful statistics.
Thread [WRITER_1_*_1] created for [the write stage] of partition point [Car_maxprice_pradeep] has completed.
	Total Run Time = [6.800314] secs
	Total Idle Time = [0.000000] secs
	Busy Percentage = [100.000000]

MAPPING> CMN_1791 [2023-06-20 06:31:37.233] The index cache size that would hold [20] aggregate groups of input rows for [Aggregator], in memory, is [52736] bytes
MAPPING> CMN_1790 [2023-06-20 06:31:37.233] The data cache size that would hold [20] aggregate groups of input rows for [Aggregator], in memory, is [5264] bytes
MANAGER> PETL_24005 [2023-06-20 06:31:37.234] Starting post-session tasks. : (Tue Jun 20 06:31:37 2023)
POST-SESS> PETL_24091 [2023-06-20 06:31:37.234] Thread [POST-SESS] has the ID [8].
MANAGER> PETL_24029 [2023-06-20 06:31:37.234] Post-session task completed successfully. : (Tue Jun 20 06:31:37 2023)
MAPPING> TM_6018 [2023-06-20 06:31:37.234] The session completed with [0] row transformation errors. 
MANAGER> TE_7216 [2023-06-20 06:31:37.235] Deleting cache files [/data2/home/cldagnt/SystemAgent/apps/Data_Integration_Server/data/0124E70E00000000005S/0124E7/cache/PMAGG-129355266_4_0.idx] for transformation [Aggregator].
MANAGER> TE_7216 [2023-06-20 06:31:37.235] Deleting cache files [/data2/home/cldagnt/SystemAgent/apps/Data_Integration_Server/data/0124E70E00000000005S/0124E7/cache/PMAGG-129355266_4_0.dat] for transformation [Aggregator].
MANAGER> PETL_24002 [2023-06-20 06:31:37.959] Parallel Pipeline Engine finished.
DIRECTOR> PETL_24012 [2023-06-20 06:31:37.959] Session run completed successfully.
DIRECTOR> TM_6022 [2023-06-20 06:31:37.959] 

SESSION LOAD SUMMARY
================================================

DIRECTOR> TM_6252 [2023-06-20 06:31:37.959] Source Load Summary.
DIRECTOR> CMN_1740 [2023-06-20 06:31:37.959] Table: [Source] (Instance Name: [Source] Instance UI Name: [Source])
	 Output Rows [100], Affected Rows [100], Applied Rows [100], Rejected Rows [0]
DIRECTOR> TM_6253 [2023-06-20 06:31:37.959] Target Load Summary.
DIRECTOR> CMN_1740 [2023-06-20 06:31:37.959] Table: [Car_maxprice_pradeep] (Instance Name: [Car_maxprice_pradeep] Instance UI Name: [Target])
	 Output Rows [20], Affected Rows [20], Applied Rows [20], Rejected Rows [0]
DIRECTOR> TM_6023 [2023-06-20 06:31:37.959] 
===================================================

DIRECTOR> TM_6020 [2023-06-20 06:31:37.959] Session [s_mtt_0124E70Z000000000003] completed at [Tue Jun 20 06:31:37 2023].
